"../../../Engine/Content/Animation/DefaultAnimCurveCompressionSettings.uasset" 0
"../../../Engine/Content/EditorBlueprintResources/StandardMacros.uasset" 1
"../../../Engine/Content/ArtTools/RenderToTexture/Enums/EFloatTypes.uasset" 2
"../../../Engine/Content/ArtTools/RenderToTexture/Enums/EIntTypes.uasset" 3
"../../../Engine/Content/ArtTools/RenderToTexture/Macros/RenderToTextureMacros.uasset" 4
"../../../Engine/Content/ArtTools/RenderToTexture/Blueprints/TilingMesh.uasset" 5
"../../../Engine/Content/ArtTools/RenderToTexture/Materials/M_BackgroundCard_01.uasset" 6
"../../../Engine/Content/ArtTools/RenderToTexture/Materials/M_RadiusDebugTranslucent.uasset" 7
"../../../Engine/Content/Functions/Engine_MaterialFunctions02/Utility/BreakOutFloat3Components.uasset" 8
"../../../Engine/Content/ArtTools/RenderToTexture/MaterialFunctions/MarkRedOutside0-1Range.uasset" 9
"../../../Engine/Content/Functions/Engine_MaterialFunctions02/SafeNormalize.uasset" 10
"../../../Engine/Content/Functions/Engine_MaterialFunctions02/Math/CreateThirdOrthogonalVector.uasset" 11
"../../../Engine/Content/Functions/Engine_MaterialFunctions02/Math/InverseTransformMatrix.uasset" 12
"../../../Engine/Content/Functions/Engine_MaterialFunctions02/Math/TransformToZVector.uasset" 13
"../../../Engine/Content/ArtTools/RenderToTexture/Materials/MPC_R2T.uasset" 14
"../../../Engine/Content/ArtTools/RenderToTexture/Textures/127grey.uasset" 15
"../../../Engine/Content/ArtTools/RenderToTexture/Materials/M_RenderCustomHeightmap_01.uasset" 16
"../../../Engine/Content/Functions/Engine_MaterialFunctions02/Utility/VectorLength.uasset" 17
"../../../Engine/Content/Functions/Engine_MaterialFunctions02/WorldPositionOffset/ObjectScale.uasset" 18
"../../../Engine/Content/ArtTools/RenderToTexture/MaterialFunctions/BoundingSphere_LightTransform.uasset" 19
"../../../Engine/Content/EngineVolumetrics/Fogsheet/Materials/T_EV_BlankWhite_01.uasset" 20
"../../../Engine/Content/ArtTools/RenderToTexture/Materials/M_RenderNormalizedDepth_01.uasset" 21
"../../../Engine/Content/ArtTools/RenderToTexture/Textures/TilingTexturePreview.uasset" 22
"../../../Engine/Content/ArtTools/RenderToTexture/Materials/M_TilingPreviewMat_01.uasset" 23
"../../../Engine/Content/EngineFonts/RobotoDistanceField.uasset" 24
"../../../Engine/Content/ArtTools/RenderToTexture/Materials/M_UnlitText_01.uasset" 25
"../../../Engine/Content/ArtTools/RenderToTexture/Materials/Debug/M_Emissive_Color.uasset" 26
"../../../Engine/Content/ArtTools/RenderToTexture/Materials/Debug/M_Emissive_Color_127-127-0.uasset" 27
"../../../Engine/Content/Functions/Engine_MaterialFunctions01/Texturing/ComputeMipLevel.uasset" 28
"../../../Engine/Content/EngineMaterials/DefaultDiffuse.uasset" 29
"../../../Engine/Content/Functions/Engine_MaterialFunctions01/Texturing/TextureCropping.uasset" 30
"../../../Engine/Content/Functions/Engine_MaterialFunctions02/Math/TimeWithSpeedVariable.uasset" 31
"../../../Engine/Content/Functions/Engine_MaterialFunctions02/ExampleContent/Textures/flipbook.uasset" 32
"../../../Engine/Content/Functions/Engine_MaterialFunctions02/Texturing/FlipBook_MotionVectors.uasset" 33
"../../../Engine/Content/Functions/Engine_MaterialFunctions02/ExampleContent/DebugNumberStrip.uasset" 34
"../../../Engine/Content/Functions/Engine_MaterialFunctions02/ExampleContent/Textures/DebugNumberPeriod.uasset" 35
"../../../Engine/Content/Functions/Engine_MaterialFunctions02/Utility/DebugScalarValues.uasset" 36
"../../../Engine/Content/ArtTools/RenderToTexture/Materials/Flipbooks/M_FlipbookPreview_01.uasset" 37
"../../../Engine/Content/ArtTools/RenderToTexture/Materials/Flipbooks/M_FlipbookPreview_01_Inst.uasset" 38
"../../../Engine/Content/ArtTools/RenderToTexture/Textures/FlipbookMotionVectors/Position1.uasset" 39
"../../../Engine/Content/ArtTools/RenderToTexture/MaterialFunctions/DiffMotionVectors.uasset" 40
"../../../Engine/Content/ArtTools/RenderToTexture/MaterialFunctions/FlipbookWind.uasset" 41
"../../../Engine/Content/ArtTools/RenderToTexture/MaterialFunctions/OrthoFOV.uasset" 42
"../../../Engine/Content/Functions/Engine_MaterialFunctions02/Utility/BreakOutFloat2Components.uasset" 43
"../../../Engine/Content/Functions/Engine_MaterialFunctions01/Texturing/ScaleUVsByCenter.uasset" 44
"../../../Engine/Content/Functions/Engine_MaterialFunctions02/Utility/Sign.uasset" 45
"../../../Engine/Content/Functions/Engine_MaterialFunctions02/Utility/Round.uasset" 46
"../../../Engine/Content/Functions/Engine_MaterialFunctions02/Texturing/FlipBook_UniformNonUniform.uasset" 47
"../../../Engine/Content/ArtTools/RenderToTexture/Materials/Flipbooks/M_RenderMotionVectors.uasset" 48
"../../../Engine/Content/ArtTools/RenderToTexture/Materials/Flipbooks/M_RenderMotionVectors_Inst.uasset" 49
"../../../Engine/Content/ArtTools/RenderToTexture/Materials/Flipbooks/M_RenderMotionVectors_Applied.uasset" 50
"../../../Engine/Content/ArtTools/RenderToTexture/Materials/Flipbooks/M_RenderMotionVectors_Applied_Imposter.uasset" 51
"../../../Engine/Content/Functions/Engine_MaterialFunctions02/Utility/VectorToRadialValue.uasset" 52
"../../../Engine/Content/ArtTools/RenderToTexture/MaterialFunctions/FoliageZRotation.uasset" 53
"../../../Engine/Content/Functions/Engine_MaterialFunctions02/Math/Pi.uasset" 54
"../../../Engine/Content/Functions/Engine_MaterialFunctions02/Math/Transform3x3Matrix.uasset" 55
"../../../Engine/Content/ArtTools/RenderToTexture/MaterialFunctions/Imposter_MotionVectors.uasset" 56
"../../../Engine/Content/Functions/Engine_MaterialFunctions02/Utility/DebugFloat2Values.uasset" 57
"../../../Engine/Content/Functions/Engine_MaterialFunctions02/Texturing/FlipBook.uasset" 58
"../../../Engine/Content/ArtTools/RenderToTexture/MaterialFunctions/ImposterUVs.uasset" 59
"../../../Engine/Content/Functions/Engine_MaterialFunctions01/WorldPositionOffset/FoliageScaleFactor.uasset" 60
"../../../Engine/Content/EngineMaterials/FlatNormal.uasset" 61
"../../../Engine/Content/ArtTools/RenderToTexture/Materials/Imposters/M_ImposterTest_01.uasset" 62
"../../../Engine/Content/ArtTools/RenderToTexture/Materials/Imposters/M_ImposterTest_01_Inst.uasset" 63
"../../../Engine/Content/ArtTools/RenderToTexture/Materials/Imposters/M_ImposterTest_01_Inst_SingleAxis.uasset" 64
"../../../Engine/Content/ArtTools/RenderToTexture/Materials/M_RenderNormalizedDepth_01_Inst.uasset" 65
"../../../Engine/Content/ArtTools/RenderToTexture/Blueprints/PhysMesh.uasset" 66
"../../../Engine/Content/ArtTools/RenderToTexture/Enums/RenderToTexture_Enum.uasset" 67
"../../../Engine/Content/ArtTools/RenderToTexture/Enums/RenderToTexture_Imposter_Enum.uasset" 68
"../../../Engine/Content/Functions/Engine_MaterialFunctions01/Opacity/CameraDepthFade.uasset" 69
"../../../Engine/Content/EngineMaterials/T_Default_Material_Grid_M.uasset" 70
"../../../Engine/Content/EngineMaterials/T_Default_Material_Grid_N.uasset" 71
"../../../Engine/Content/EngineMaterials/WorldGridMaterial.uasset" 72
"../../../Engine/Content/ArtTools/RenderToTexture/Meshes/S_1_Unit_Plane.uasset" 73
"../../../Engine/Content/ArtTools/RenderToTexture/Meshes/S_1_Unit_Sphere.uasset" 74
"../../../Engine/Content/ArtTools/RenderToTexture/Textures/T_EV_BlankWhite_01.uasset" 75
"../../../Engine/Content/EditorMeshes/EditorCube.uasset" 76
"../../../Engine/Content/ArtTools/RenderToTexture/Blueprints/RenderToTexture_LevelBP.uasset" 77
"../../../Engine/Content/ArtTools/RenderToTexture/Blueprints/RenderToTexture_Pawn.uasset" 78
"../../../Engine/Content/ArtTools/RenderToTexture/Blueprints/RenderToTexture_Game.uasset" 79
"../../../Engine/Content/ArtTools/RenderToTexture/Enums/RenderToTexture_Flipbook_Enum.uasset" 80
"../../../Engine/Content/ArtTools/RenderToTexture/Macros/RenderToTextureFunctionLibrary.uasset" 81
"../../../Engine/Content/EngineMaterials/DefaultMaterial.uasset" 82
"../../../Engine/Content/BasicShapes/Cone.uasset" 83
"../../../Engine/Content/BasicShapes/Cube.uasset" 84
"../../../Engine/Content/BasicShapes/Cylinder.uasset" 85
"../../../Engine/Content/BasicShapes/Plane.uasset" 86
"../../../Engine/Content/BasicShapes/Sphere.uasset" 87
"../../../Engine/Content/EngineMaterials/DefaultPhysicalMaterial.uasset" 88
"../../../Engine/Content/BufferVisualization/AmbientOcclusion.uasset" 89
"../../../Engine/Content/BufferVisualization/BaseColor.uasset" 90
"../../../Engine/Content/BufferVisualization/CustomDepth.uasset" 91
"../../../Engine/Content/BufferVisualization/CustomDepthWorldUnits.uasset" 92
"../../../Engine/Content/Functions/Engine_MaterialFunctions02/ScreenResolution.uasset" 93
"../../../Engine/Content/Functions/Engine_MaterialFunctions02/Texturing/ScreenAlignedUVs.uasset" 94
"../../../Engine/Content/Functions/Engine_MaterialFunctions02/Utility/MakeFloat2.uasset" 95
"../../../Engine/Content/Functions/Engine_MaterialFunctions02/Utility/MakeFloat3.uasset" 96
"../../../Engine/Content/EngineMaterials/MiniFont.uasset" 97
"../../../Engine/Content/BufferVisualization/CustomStencil.uasset" 98
"../../../Engine/Content/BufferVisualization/FinalImage.uasset" 99
"../../../Engine/Content/BufferVisualization/LightingModel.uasset" 100
"../../../Engine/Content/BufferVisualization/MaterialAO.uasset" 101
"../../../Engine/Content/BufferVisualization/Metallic.uasset" 102
"../../../Engine/Content/BufferVisualization/Opacity.uasset" 103
"../../../Engine/Content/BufferVisualization/PostTonemapHDRColor.uasset" 104
"../../../Engine/Content/BufferVisualization/PreTonemapHDRColor.uasset" 105
"../../../Engine/Content/BufferVisualization/Roughness.uasset" 106
"../../../Engine/Content/BufferVisualization/SceneColor.uasset" 107
"../../../Engine/Content/BufferVisualization/SceneDepth.uasset" 108
"../../../Engine/Content/BufferVisualization/SceneDepthWorldUnits.uasset" 109
"../../../Engine/Content/BufferVisualization/SeparateTranslucencyA.uasset" 110
"../../../Engine/Content/BufferVisualization/SeparateTranslucencyRGB.uasset" 111
"../../../Engine/Content/BufferVisualization/Specular.uasset" 112
"../../../Engine/Content/BufferVisualization/SubsurfaceColor.uasset" 113
"../../../Engine/Content/BufferVisualization/Velocity.uasset" 114
"../../../Engine/Content/BufferVisualization/WorldNormal.uasset" 115
"../../../Engine/Content/EditorBlueprintResources/ActorMacros.uasset" 116
"../../../Engine/Content/EditorLandscapeResources/DataLayer.uasset" 117
"../../../Engine/Content/EditorLandscapeResources/DefaultAlphaTexture.uasset" 118
"../../../Engine/Content/EditorLandscapeResources/LandscapeGizmoHeight_Mat.uasset" 119
"../../../Engine/Content/EditorLandscapeResources/LandscapeGizmo_Mat.uasset" 120
"../../../Engine/Content/EditorLandscapeResources/LandscapeGizmo_Mat_Copied.uasset" 121
"../../../Engine/Content/EditorLandscapeResources/SplineEditorMeshMat.uasset" 122
"../../../Engine/Content/EditorLandscapeResources/SplineEditorMesh.uasset" 123
"../../../Engine/Content/EditorMaterials/Cross.uasset" 124
"../../../Engine/Content/EditorMaterials/Cross_Mat.uasset" 125
"../../../Engine/Content/EditorResources/T_EditorHelp.uasset" 126
"../../../Engine/Content/EditorMaterials/HelpActorMaterial.uasset" 127
"../../../Engine/Content/EditorMaterials/CompositeARGBLayer.uasset" 128
"../../../Engine/Content/EditorMaterials/TilingAALineIntegral.uasset" 129
"../../../Engine/Content/EditorMaterials/TilingAALineBoxFiltered.uasset" 130
"../../../Engine/Content/Functions/Engine_MaterialFunctions03/Procedurals/ComputeFilterWidth.uasset" 131
"../../../Engine/Content/EditorMaterials/TilingAADots.uasset" 132
"../../../Engine/Content/EngineMaterials/BlendFunc_DefBase.uasset" 133
"../../../Engine/Content/EngineMaterials/BlendFunc_DefBlend.uasset" 134
"../../../Engine/Content/Functions/Engine_MaterialFunctions03/Blends/Blend_Screen.uasset" 135
"../../../Engine/Content/EditorMaterials/TilingAAGrid.uasset" 136
"../../../Engine/Content/EditorMaterials/LevelGridMaterial.uasset" 137
"../../../Engine/Content/EditorMaterials/MakeCompositeARGBLayer.uasset" 138
"../../../Engine/Content/EditorResources/LevelGrid1DStripes.uasset" 139
"../../../Engine/Content/EditorMaterials/TextureGridCascaded1D.uasset" 140
"../../../Engine/Content/EditorMaterials/TextureGridCascaded2D.uasset" 141
"../../../Engine/Content/EditorMaterials/LevelGridMaterial2.uasset" 142
"../../../Engine/Content/EditorMaterials/MAT_Groups_Toggle.uasset" 143
"../../../Engine/Content/EditorMaterials/MAT_Groups_Visibility.uasset" 144
"../../../Engine/Content/EditorMaterials/AntialiasedGridFloor.uasset" 145
"../../../Engine/Content/EditorResources/TilePatine_D.uasset" 146
"../../../Engine/Content/EditorResources/TilePatine_N.uasset" 147
"../../../Engine/Content/EngineMaterials/Grid.uasset" 148
"../../../Engine/Content/EditorMaterials/PersonaFloorMat.uasset" 149
"../../../Engine/Content/EditorMaterials/PhAT_BoneSelectedMaterial.uasset" 150
"../../../Engine/Content/EditorMaterials/PhAT_ElemSelectedMaterial.uasset" 151
"../../../Engine/Content/EditorMaterials/PhAT_NoCollisionMaterial.uasset" 152
"../../../Engine/Content/EditorMaterials/PhAT_UnselectedMaterial.uasset" 153
"../../../Engine/Content/EditorMaterials/PreviewShadowIndicator.uasset" 154
"../../../Engine/Content/EditorMaterials/PreviewShadowIndicatorMaterial.uasset" 155
"../../../Engine/Content/EditorMaterials/TargetIcon.uasset" 156
"../../../Engine/Content/EditorMaterials/Tick.uasset" 157
"../../../Engine/Content/EditorMaterials/Tick_Mat.uasset" 158
"../../../Engine/Content/EditorMaterials/WidgetGridVertexColorMaterial.uasset" 159
"../../../Engine/Content/EditorMaterials/WidgetGridVertexColorMaterial_Ma.uasset" 160
"../../../Engine/Content/EditorMaterials/WidgetMaterial.uasset" 161
"../../../Engine/Content/EditorMaterials/WidgetMaterial_Current.uasset" 162
"../../../Engine/Content/EditorMaterials/WidgetMaterial_X.uasset" 163
"../../../Engine/Content/EditorMaterials/WidgetMaterial_Y.uasset" 164
"../../../Engine/Content/EditorMaterials/WidgetMaterial_Z.uasset" 165
"../../../Engine/Content/EditorMaterials/WidgetVertexColorMaterial.uasset" 166
"../../../Engine/Content/EditorMaterials/AssetViewer/EpicQuadPanorama_CC+EV1.uasset" 167
"../../../Engine/Content/MapTemplates/Sky/SunsetAmbientCubemap.uasset" 168
"../../../Engine/Content/EditorMaterials/AssetViewer/M_SkyBox.uasset" 169
"../../../Engine/Content/EditorMaterials/MatineeGroups/MAT_ColorTrack.uasset" 170
"../../../Engine/Content/EditorMaterials/MatineeGroups/MAT_Groups_Anim.uasset" 171
"../../../Engine/Content/EditorMaterials/MatineeGroups/MAT_Groups_AudioMaster.uasset" 172
"../../../Engine/Content/EditorMaterials/MatineeGroups/MAT_Groups_Director.uasset" 173
"../../../Engine/Content/EditorMaterials/MatineeGroups/MAT_Groups_Event.uasset" 174
"../../../Engine/Content/EditorMaterials/MatineeGroups/MAT_Groups_Fade.uasset" 175
"../../../Engine/Content/EditorMaterials/MatineeGroups/MAT_Groups_Float.uasset" 176
"../../../Engine/Content/EditorMaterials/MatineeGroups/MAT_Groups_Move.uasset" 177
"../../../Engine/Content/EditorMaterials/MatineeGroups/MAT_Groups_Slomo.uasset" 178
"../../../Engine/Content/EditorMaterials/MatineeGroups/MAT_Groups_Sound.uasset" 179
"../../../Engine/Content/EditorMaterials/MatineeGroups/MAT_Groups_Vector.uasset" 180
"../../../Engine/Content/EditorMaterials/ParticleSystems/PSysThumbnail_NoImage.uasset" 181
"../../../Engine/Content/EditorMaterials/ParticleSystems/PSysThumbnail_OOD.uasset" 182
"../../../Engine/Content/EditorMaterials/Thumbnails/FloorPlaneMaterial.uasset" 183
"../../../Engine/Content/EditorMeshes/EditorCylinder.uasset" 184
"../../../Engine/Content/EditorMeshes/EditorPlane.uasset" 185
"../../../Engine/Content/EditorMaterials/Thumbnails/SkySphereMaterial.uasset" 186
"../../../Engine/Content/EditorMeshes/EditorSkySphere.uasset" 187
"../../../Engine/Content/EditorMeshes/EditorSphere.uasset" 188
"../../../Engine/Content/EditorResources/MatineeCam_D.uasset" 189
"../../../Engine/Content/EditorMaterials/MatineeCam_mat.uasset" 190
"../../../Engine/Content/EditorMeshes/MatineeCam_SM.uasset" 191
"../../../Engine/Content/Functions/Engine_MaterialFunctions01/Shading/ConvertFromDiffSpec.uasset" 192
"../../../Engine/Content/EditorMaterials/GridMaterial.uasset" 193
"../../../Engine/Content/EditorMeshes/PhAT_FloorBox.uasset" 194
"../../../Engine/Content/EditorMeshes/PlanarReflectionPlane.uasset" 195
"../../../Engine/Content/EditorMeshes/AssetViewer/Floor_Mesh.uasset" 196
"../../../Engine/Content/EditorMeshes/AssetViewer/Sphere_inversenormals.uasset" 197
"../../../Engine/Content/EditorMaterials/Camera/CineMat.uasset" 198
"../../../Engine/Content/EditorMaterials/Camera/MI_CineMat_CameraBody.uasset" 199
"../../../Engine/Content/EngineDebugMaterials/M_SimpleOpaque.uasset" 200
"../../../Engine/Content/EditorMaterials/Camera/MI_CineMat_CamViewFinder.uasset" 201
"../../../Engine/Content/EditorMeshes/Camera/SM_CineCam.uasset" 202
"../../../Engine/Content/EditorMaterials/Camera/MI_CineMat_Rig.uasset" 203
"../../../Engine/Content/EditorMeshes/Camera/SM_CraneRig_Arm.uasset" 204
"../../../Engine/Content/EditorMeshes/Camera/SM_CraneRig_Base.uasset" 205
"../../../Engine/Content/EditorMeshes/Camera/SM_CraneRig_Body.uasset" 206
"../../../Engine/Content/EditorMeshes/Camera/SM_CraneRig_Mount.uasset" 207
"../../../Engine/Content/EditorMeshes/Camera/SM_RailRig_Mount.uasset" 208
"../../../Engine/Content/EditorMeshes/Camera/SM_RailRig_Track.uasset" 209
"../../../Engine/Content/EditorMeshes/ColorCalibrator/M_ChromeBall.uasset" 210
"../../../Engine/Content/EditorResources/Bad.uasset" 211
"../../../Engine/Content/EditorResources/BSPVertex.uasset" 212
"../../../Engine/Content/EditorResources/EmptyActor.uasset" 213
"../../../Engine/Content/EditorResources/MatInstActSprite.uasset" 214
"../../../Engine/Content/EditorResources/SceneManager.uasset" 215
"../../../Engine/Content/EditorResources/SimplygonLogo.uasset" 216
"../../../Engine/Content/EditorResources/SmallFont.uasset" 217
"../../../Engine/Content/EditorResources/S_Actor.uasset" 218
"../../../Engine/Content/EditorResources/S_CameraShakeSource.uasset" 219
"../../../Engine/Content/EditorResources/S_DecalActorIcon.uasset" 220
"../../../Engine/Content/EditorResources/S_Emitter.uasset" 221
"../../../Engine/Content/EditorResources/S_ExpoHeightFog.uasset" 222
"../../../Engine/Content/EditorResources/S_FTest.uasset" 223
"../../../Engine/Content/EditorResources/S_KBSJoint.uasset" 224
"../../../Engine/Content/EditorResources/S_KHinge.uasset" 225
"../../../Engine/Content/EditorResources/S_KPrismatic.uasset" 226
"../../../Engine/Content/EditorResources/S_LevelSequence.uasset" 227
"../../../Engine/Content/EditorResources/S_NavP.uasset" 228
"../../../Engine/Content/EditorResources/S_Note.uasset" 229
"../../../Engine/Content/EditorResources/S_Player.uasset" 230
"../../../Engine/Content/EditorResources/S_PortalActorIcon2.uasset" 231
"../../../Engine/Content/EditorResources/S_RadForce.uasset" 232
"../../../Engine/Content/EditorResources/S_ReflActorIcon.uasset" 233
"../../../Engine/Content/EditorResources/S_SkyAtmosphere.uasset" 234
"../../../Engine/Content/EditorResources/S_Solver.uasset" 235
"../../../Engine/Content/EditorResources/S_Terrain.uasset" 236
"../../../Engine/Content/EditorResources/S_TextRenderActorIcon.uasset" 237
"../../../Engine/Content/EditorResources/S_Thruster.uasset" 238
"../../../Engine/Content/EditorResources/S_Trigger.uasset" 239
"../../../Engine/Content/EditorResources/S_VectorFieldVol.uasset" 240
"../../../Engine/Content/EditorResources/S_WindDirectional.uasset" 241
"../../../Engine/Content/EditorResources/AI/S_NavLink.uasset" 242
"../../../Engine/Content/EditorResources/LightIcons/SkyLight.uasset" 243
"../../../Engine/Content/EditorResources/LightIcons/S_LightDirectional.uasset" 244
"../../../Engine/Content/EditorResources/LightIcons/S_LightDirectionalMove.uasset" 245
"../../../Engine/Content/EditorResources/LightIcons/S_LightError.uasset" 246
"../../../Engine/Content/EditorResources/LightIcons/S_LightPoint.uasset" 247
"../../../Engine/Content/EditorResources/LightIcons/S_LightPointMove.uasset" 248
"../../../Engine/Content/EditorResources/LightIcons/S_LightSpot.uasset" 249
"../../../Engine/Content/EditorResources/LightIcons/S_LightSpotMove.uasset" 250
"../../../Engine/Content/EditorResources/SequenceRecorder/Countdown.uasset" 251
"../../../Engine/Content/EditorResources/SequenceRecorder/RecordingIndicator.uasset" 252
"../../../Engine/Content/EditorResources/Spline/T_Loft_Spline.uasset" 253
"../../../Engine/Content/EditorSounds/Notifications/CompileFailed.uasset" 254
"../../../Engine/Content/EditorSounds/Notifications/CompileFailed_Cue.uasset" 255
"../../../Engine/Content/EditorSounds/Notifications/CompileSuccess.uasset" 256
"../../../Engine/Content/EditorSounds/Notifications/CompileStart_Cue.uasset" 257
"../../../Engine/Content/EditorSounds/Notifications/CompileSuccess_Cue.uasset" 258
"../../../Engine/Content/EngineDamageTypes/DmgTypeBP_Environmental.uasset" 259
"../../../Engine/Content/EngineDebugMaterials/HeatmapGradient.uasset" 260
"../../../Engine/Content/EngineDebugMaterials/BoneWeightMaterial.uasset" 261
"../../../Engine/Content/EngineDebugMaterials/ClothMaterial.uasset" 262
"../../../Engine/Content/EngineDebugMaterials/ClothMaterial_WF.uasset" 263
"../../../Engine/Content/EngineDebugMaterials/DebugEditorMaterial.uasset" 264
"../../../Engine/Content/EngineDebugMaterials/DebugMeshMaterial.uasset" 265
"../../../Engine/Content/EngineDebugMaterials/GeomMaterial.uasset" 266
"../../../Engine/Content/EngineDebugMaterials/LevelColorationLitMaterial.uasset" 267
"../../../Engine/Content/EngineDebugMaterials/LevelColorationUnlitMaterial.uasset" 268
"../../../Engine/Content/EngineMaterials/DefaultWhiteGrid.uasset" 269
"../../../Engine/Content/EngineDebugMaterials/MAT_LevelColorationLitLightmapUV.uasset" 270
"../../../Engine/Content/EngineDebugMaterials/M_SimpleUnlitTranslucent.uasset" 271
"../../../Engine/Content/Functions/Engine_MaterialFunctions02/Utility/CameraDirectionVector.uasset" 272
"../../../Engine/Content/EngineDebugMaterials/VolumeToRender.uasset" 273
"../../../Engine/Content/EngineDebugMaterials/M_VolumeRenderSphereTracePP.uasset" 274
"../../../Engine/Content/EngineMaterials/DefaultWhiteGrid_Low.uasset" 275
"../../../Engine/Content/EngineDebugMaterials/PhysicalMaterialMaskMaterial.uasset" 276
"../../../Engine/Content/EngineDebugMaterials/ShadedLevelColorationLitMaterial.uasset" 277
"../../../Engine/Content/EngineDebugMaterials/ShadedLevelColorationUnlitMateri.uasset" 278
"../../../Engine/Content/EngineDebugMaterials/VertexColorMaterial.uasset" 279
"../../../Engine/Content/EngineDebugMaterials/VertexColorViewMode_AlphaAsColor.uasset" 280
"../../../Engine/Content/EngineDebugMaterials/VertexColorViewMode_BlueOnly.uasset" 281
"../../../Engine/Content/EngineDebugMaterials/VertexColorViewMode_ColorOnly.uasset" 282
"../../../Engine/Content/EngineDebugMaterials/VertexColorViewMode_GreenOnly.uasset" 283
"../../../Engine/Content/EngineDebugMaterials/VertexColorViewMode_RedOnly.uasset" 284
"../../../Engine/Content/EngineDebugMaterials/WireframeMaterial.uasset" 285
"../../../Engine/Content/EngineFonts/Faces/DroidSansFallback.uasset" 286
"../../../Engine/Content/EngineFonts/Faces/RobotoBold.uasset" 287
"../../../Engine/Content/EngineFonts/Faces/RobotoBoldItalic.uasset" 288
"../../../Engine/Content/EngineFonts/Faces/RobotoItalic.uasset" 289
"../../../Engine/Content/EngineFonts/Faces/RobotoLight.uasset" 290
"../../../Engine/Content/EngineFonts/Faces/RobotoRegular.uasset" 291
"../../../Engine/Content/EngineFonts/Roboto.uasset" 292
"../../../Engine/Content/EngineFonts/Faces/RobotoTiny.uasset" 293
"../../../Engine/Content/EngineFonts/RobotoTiny.uasset" 294
"../../../Engine/Content/EngineFonts/SmallFont.uasset" 295
"../../../Engine/Content/EngineFonts/TinyFont.uasset" 296
"../../../Engine/Content/EngineMaterials/BaseFlattenDiffuseMap.uasset" 297
"../../../Engine/Content/EngineMaterials/BaseFlattenEmissiveMap.uasset" 298
"../../../Engine/Content/EngineMaterials/BaseFlattenGrayscaleMap.uasset" 299
"../../../Engine/Content/EngineMaterials/BaseFlattenNormalMap.uasset" 300
"../../../Engine/Content/EngineMaterials/BaseFlattenMaterial.uasset" 301
"../../../Engine/Content/EngineResources/WhiteSquareTexture.uasset" 302
"../../../Engine/Content/EngineMaterials/BlinkingCaret.uasset" 303
"../../../Engine/Content/EngineMaterials/BlueNoise.uasset" 304
"../../../Engine/Content/EngineMaterials/DefaultBloomKernel.uasset" 305
"../../../Engine/Content/EngineMaterials/DefaultBokeh.uasset" 306
"../../../Engine/Content/EngineMaterials/DefaultDeferredDecalMaterial.uasset" 307
"../../../Engine/Content/EngineMaterials/DefaultLightFunctionMaterial.uasset" 308
"../../../Engine/Content/EngineMaterials/DefaultNormal.uasset" 309
"../../../Engine/Content/EngineMaterials/DefaultPostProcessMaterial.uasset" 310
"../../../Engine/Content/EngineMaterials/DefaultTextMaterialOpaque.uasset" 311
"../../../Engine/Content/EngineMaterials/EditorBrushMaterial.uasset" 312
"../../../Engine/Content/EngineMaterials/EmissiveMeshMaterial.uasset" 313
"../../../Engine/Content/EngineMaterials/GizmoMaterial.uasset" 314
"../../../Engine/Content/EngineMaterials/Good64x64TilingNoiseHighFreq.uasset" 315
"../../../Engine/Content/EngineMaterials/Grid_N.uasset" 316
"../../../Engine/Content/EngineMaterials/HighResolutionScreenshotMaskFunction.uasset" 317
"../../../Engine/Content/EngineMaterials/HighResScreenshot.uasset" 318
"../../../Engine/Content/EngineMaterials/HighResScreenshotCaptureRegion.uasset" 319
"../../../Engine/Content/EngineMaterials/HighResScreenshotMask.uasset" 320
"../../../Engine/Content/EngineMaterials/LandscapeHolePhysicalMaterial.uasset" 321
"../../../Engine/Content/EngineMaterials/InvalidLightmapSettings.uasset" 322
"../../../Engine/Content/EngineMaterials/M_InvalidLightmapSettings.uasset" 323
"../../../Engine/Content/EngineMaterials/PaperDiffuse.uasset" 324
"../../../Engine/Content/EngineMaterials/PaperNormal.uasset" 325
"../../../Engine/Content/Functions/Engine_MaterialFunctions02/WorldPositionOffset/CameraOffset.uasset" 326
"../../../Engine/Content/EngineMaterials/PhAT_JointLimitMaterial.uasset" 327
"../../../Engine/Content/EngineMaterials/PhysMat_Rubber.uasset" 328
"../../../Engine/Content/EngineMaterials/PreintegratedSkinBRDF.uasset" 329
"../../../Engine/Content/EngineMaterials/RemoveSurfaceMaterial.uasset" 330
"../../../Engine/Content/EngineMaterials/WeightMapPlaceholderTexture.uasset" 331
"../../../Engine/Content/Functions/Engine_MaterialFunctions01/ImageAdjustment/sRGBToLinear.uasset" 332
"../../../Engine/Content/EngineMaterials/Widget3DCameraPassThrough_Opaque_OneSided.uasset" 333
"../../../Engine/Content/EngineMaterials/Widget3DPassThrough.uasset" 334
"../../../Engine/Content/EngineMaterials/Widget3DPassThrough_Masked.uasset" 335
"../../../Engine/Content/EngineMaterials/Widget3DPassThrough_Opaque.uasset" 336
"../../../Engine/Content/EngineMaterials/Widget3DPassThrough_Masked_OneSided.uasset" 337
"../../../Engine/Content/EngineMaterials/Widget3DPassThrough_Opaque_OneSided.uasset" 338
"../../../Engine/Content/EngineMaterials/Widget3DPassThrough_Translucent.uasset" 339
"../../../Engine/Content/EngineMaterials/Widget3DPassThrough_Translucent_OneSided.uasset" 340
"../../../Engine/Content/EngineMeshes/Cube.uasset" 341
"../../../Engine/Content/EngineMeshes/Cylinder.uasset" 342
"../../../Engine/Content/EngineMeshes/Sphere.uasset" 343
"../../../Engine/Content/EngineResources/Black.uasset" 344
"../../../Engine/Content/EngineResources/DefaultTexture.uasset" 345
"../../../Engine/Content/EngineResources/DefaultTextureCube.uasset" 346
"../../../Engine/Content/EngineResources/DefaultVolumeTexture2D.uasset" 347
"../../../Engine/Content/EngineResources/DefaultVolumeTexture.uasset" 348
"../../../Engine/Content/EngineResources/GradientTexture0.uasset" 349
"../../../Engine/Content/EngineResources/StreamingPauseIcon.uasset" 350
"../../../Engine/Content/EngineResources/M_StreamingPause.uasset" 351
"../../../Engine/Content/EngineSounds/Master.uasset" 352
"../../../Engine/Content/Functions/Engine_MaterialFunctions01/Shading/PowerToRoughness.uasset" 353
"../../../Engine/Content/Maps/Templates/Thumbnails/Default.uasset" 354
"../../../Engine/Content/Maps/Templates/Thumbnails/TimeOfDay.uasset" 355
"../../../Engine/Content/Maps/Templates/Thumbnails/VR-Basic.uasset" 356
"../../../Engine/Content/MapTemplates/Sky/DaylightAmbientCubemap.uasset" 357
"../../../Engine/Content/MobileResources/T_MobileControls_texture.uasset" 358
"../../../Engine/Content/MobileResources/T_MobileMenu2.uasset" 359
"../../../Engine/Content/MobileResources/HUD/AnalogHat.uasset" 360
"../../../Engine/Content/MobileResources/HUD/VirtualJoystick_Background.uasset" 361
"../../../Engine/Content/MobileResources/HUD/VirtualJoystick_Thumb.uasset" 362
"../../../Engine/Content/MobileResources/HUD/DefaultVirtualJoysticks.uasset" 363
"../../../Engine/Content/MobileResources/HUD/LeftVirtualJoystickOnly.uasset" 364
"../../../Engine/Content/MobileResources/HUD/MobileHUDButton1_off.uasset" 365
"../../../Engine/Content/MobileResources/HUD/MobileHUDButton1_on.uasset" 366
"../../../Engine/Content/MobileResources/HUD/MobileHUDButton2_off.uasset" 367
"../../../Engine/Content/MobileResources/HUD/MobileHUDButton2_on.uasset" 368
"../../../Engine/Content/MobileResources/HUD/MobileHUDButton3.uasset" 369
"../../../Engine/Content/MobileResources/HUD/MobileHUDButtonFire.uasset" 370
"../../../Engine/Content/MobileResources/HUD/MobileHUDDirectionPad.uasset" 371
"../../../Engine/Content/MobileResources/HUD/MobileHUDDirectionPad2.uasset" 372
"../../../Engine/Content/MobileResources/HUD/MobileHUDDirectionPad3.uasset" 373
"../../../Engine/Content/MobileResources/HUD/MobileHUDDirectionStick.uasset" 374
"../../../Engine/Content/MobileResources/HUD/T_Castle_ThumbstickInner.uasset" 375
"../../../Engine/Content/MobileResources/HUD/T_Castle_ThumbstickOutter.uasset" 376
"../../../Engine/Content/Tutorial/ContentIntroCurve.uasset" 377
"../../../Engine/Content/Tutorial/Basics/LevelEditorAttract.uasset" 378
"../../../Engine/Content/Tutorial/Basics/TutorialAssets/icon_tab_Levels_40x.uasset" 379
"../../../Engine/Content/Tutorial/Basics/LevelEditorOverview.uasset" 380
"../../../Engine/Content/Tutorial/BlueprintTutorials/TutorialAssets/Blueprint_64x.uasset" 381
"../../../Engine/Content/Tutorial/BlueprintTutorials/BlueprintEditorTutorial.uasset" 382
"../../../Engine/Content/Tutorial/BlueprintTutorials/TutorialAssets/Tutorial_BP_MacroLib.uasset" 383
"../../../Engine/Content/Tutorial/SubEditors/MaterialEditorTutorial.uasset" 384
"../../../Engine/Content/Tutorial/SubEditors/StaticMeshEditorTutorial.uasset" 385
"../../../Engine/Content/Tutorial/SubEditors/TutorialAssets/TutorialMaterial.uasset" 386
"../../../Engine/Content/VREditor/LaserPointer/VR_LaserPower_01.uasset" 387
"../../../Engine/Content/VREditor/TransformGizmo/TransformGizmoMaterial.uasset" 388
"../../../Engine/Content/VREditor/TransformGizmo/TranslucentTransformGizmoMaterial.uasset" 389
"../../../Engine/Content/VREditor/TransformGizmo/BoundingBoxCorner.uasset" 390
"../../../Engine/Content/VREditor/TransformGizmo/BoundingBoxEdge.uasset" 391
"../../../Engine/Content/VREditor/TransformGizmo/PlaneTranslationHandle.uasset" 392
"../../../Engine/Content/VREditor/TransformGizmo/Main.uasset" 393
"../../../Engine/Content/VREditor/TransformGizmo/Xray.uasset" 394
"../../../Engine/Content/VREditor/TransformGizmo/SM_Sequencer_Key.uasset" 395
"../../../Engine/Content/VREditor/TransformGizmo/SM_Sequencer_Node.uasset" 396
"../../../../../../Users/hwh19/Documents/Unreal Projects/Escape/Content/StarterContent/Textures/T_Brick_Clay_New_D.uasset" 397
"../../../../../../Users/hwh19/Documents/Unreal Projects/Escape/Content/StarterContent/Textures/T_Brick_Clay_New_M.uasset" 398
"../../../../../../Users/hwh19/Documents/Unreal Projects/Escape/Content/StarterContent/Textures/T_Brick_Clay_New_N.uasset" 399
"../../../../../../Users/hwh19/Documents/Unreal Projects/Escape/Content/StarterContent/Textures/T_Detail_Rocky_N.uasset" 400
"../../../../../../Users/hwh19/Documents/Unreal Projects/Escape/Content/StarterContent/Textures/T_MacroVariation.uasset" 401
"../../../../../../Users/hwh19/Documents/Unreal Projects/Escape/Content/StarterContent/Materials/M_Brick_Clay_New.uasset" 402
"../../../../../../Users/hwh19/Documents/Unreal Projects/Escape/Content/StarterContent/Textures/T_Brick_Cut_Stone_D.uasset" 403
"../../../../../../Users/hwh19/Documents/Unreal Projects/Escape/Content/StarterContent/Textures/T_Brick_Cut_Stone_N.uasset" 404
"../../../../../../Users/hwh19/Documents/Unreal Projects/Escape/Content/StarterContent/Textures/T_Perlin_Noise_M.uasset" 405
"../../../../../../Users/hwh19/Documents/Unreal Projects/Escape/Content/StarterContent/Materials/M_Brick_Cut_Stone.uasset" 406
"../../../Engine/Content/EditorMeshes/ColorCalibrator/T_ColorGrid.uasset" 407
"../../../../../../Users/hwh19/Documents/Unreal Projects/Escape/Content/StarterContent/Materials/M_ColorGrid_LowSpec.uasset" 408
"../../../Engine/Content/Functions/Engine_MaterialFunctions01/Gradient/RadialGradient.uasset" 409
"../../../../../../Users/hwh19/Documents/Unreal Projects/Escape/Content/StarterContent/Particles/Materials/M_Radial_Gradient.uasset" 410
"../../../../../../Users/hwh19/Documents/Unreal Projects/Escape/Content/StarterContent/Textures/T_Smoke_SubUV.uasset" 411
"../../../../../../Users/hwh19/Documents/Unreal Projects/Escape/Content/StarterContent/Textures/T_Smoke_Tiled_D.uasset" 412
"../../../../../../Users/hwh19/Documents/Unreal Projects/Escape/Content/StarterContent/Particles/Materials/M_smoke_subUV.uasset" 413
"../../../../../../Users/hwh19/Documents/Unreal Projects/Escape/Content/StarterContent/Textures/T_Spark_Core.uasset" 414
"../../../../../../Users/hwh19/Documents/Unreal Projects/Escape/Content/StarterContent/Particles/Materials/M_Spark.uasset" 415
"../../../../../../Users/hwh19/Documents/Unreal Projects/Escape/Content/StarterContent/Particles/P_Sparks.uasset" 416
"../../Plugins/2D/Paper2D/Content/PlaceholderTextures/DummySpriteTexture.uasset" 417
"../../Plugins/2D/Paper2D/Content/DummySprite.uasset" 418
"../../Plugins/2D/Paper2D/Content/DefaultPaperTerrainMaterial.uasset" 419
"../../Plugins/2D/Paper2D/Content/DefaultSpriteMaterial.uasset" 420
"../../Plugins/2D/Paper2D/Content/MaskedUnlitSpriteMaterial.uasset" 421
"../../Plugins/2D/Paper2D/Content/OpaqueUnlitSpriteMaterial.uasset" 422
"../../Plugins/FX/Niagara/Content/Enums/ENiagaraAnimTrailWidthMode.uasset" 423
"../../Plugins/FX/Niagara/Content/Enums/ENiagaraBoneSamplingMode.uasset" 424
"../../Plugins/FX/Niagara/Content/Enums/ENiagaraBoneSocketSamplingMode.uasset" 425
"../../Plugins/FX/Niagara/Content/Enums/ENiagaraBooleanLogicOps.uasset" 426
"../../Plugins/FX/Niagara/Content/Enums/ENiagaraBooleanLogicOps_v2.uasset" 427
"../../Plugins/FX/Niagara/Content/Enums/ENiagaraCalculateRadiusOptions.uasset" 428
"../../Plugins/FX/Niagara/Content/Enums/ENiagaraChannelCorrelation.uasset" 429
"../../Plugins/FX/Niagara/Content/Enums/ENiagaraCollisionRadiusOptions.uasset" 430
"../../Plugins/FX/Niagara/Content/Enums/ENiagaraCoordinateSpace.uasset" 431
"../../Plugins/FX/Niagara/Content/Enums/ENiagaraCurlNoiseQuality.uasset" 432
"../../Plugins/FX/Niagara/Content/Enums/ENiagaraEmitterLifeCycleMode.uasset" 433
"../../Plugins/FX/Niagara/Content/Enums/ENiagaraEmitterScalabilityMode.uasset" 434
"../../Plugins/FX/Niagara/Content/Enums/ENiagaraEmitterScalabilityMode_Limited.uasset" 435
"../../Plugins/FX/Niagara/Content/Enums/ENiagaraExecutionStateManagement.uasset" 436
"../../Plugins/FX/Niagara/Content/Enums/ENiagaraExpansionMode.uasset" 437
"../../Plugins/FX/Niagara/Content/Enums/ENiagaraFrictionMergeType.uasset" 438
"../../Plugins/FX/Niagara/Content/Enums/ENiagaraGPUDepthResponseType.uasset" 439
"../../Plugins/FX/Niagara/Content/Enums/ENiagaraGridPlacementType.uasset" 440
"../../Plugins/FX/Niagara/Content/Enums/ENiagaraInactiveMode.uasset" 441
"../../Plugins/FX/Niagara/Content/Enums/ENiagaraKillVolumeOptions.uasset" 442
"../../Plugins/FX/Niagara/Content/Enums/ENiagaraLinearColor_Channels.uasset" 443
"../../Plugins/FX/Niagara/Content/Enums/ENiagaraMassByVolume.uasset" 444
"../../Plugins/FX/Niagara/Content/Enums/ENiagaraMassCalculationForRendererTypes.uasset" 445
"../../Plugins/FX/Niagara/Content/Enums/ENiagaraMeshOrSprite.uasset" 446
"../../Plugins/FX/Niagara/Content/Enums/ENiagaraMeshSamplingMode.uasset" 447
"../../Plugins/FX/Niagara/Content/Enums/ENiagaraMeshSurfaceSamplingMode.uasset" 448
"../../Plugins/FX/Niagara/Content/Enums/ENiagaraMeshTransforms.uasset" 449
"../../Plugins/FX/Niagara/Content/Enums/ENiagaraMinOrMax.uasset" 450
"../../Plugins/FX/Niagara/Content/Enums/ENiagaraOrientationAxis.uasset" 451
"../../Plugins/FX/Niagara/Content/Enums/ENiagaraRandomnessMode.uasset" 452
"../../Plugins/FX/Niagara/Content/Enums/ENiagaraRestitutionMergeType.uasset" 453
"../../Plugins/FX/Niagara/Content/Enums/ENiagaraScaleColorMode.uasset" 454
"../../Plugins/FX/Niagara/Content/Enums/ENiagaraSimulationTarget.uasset" 455
"../../Plugins/FX/Niagara/Content/Enums/ENiagaraSkeletalSpawning.uasset" 456
"../../Plugins/FX/Niagara/Content/Enums/ENiagaraSkelSamplingFilteringMode.uasset" 457
"../../Plugins/FX/Niagara/Content/Enums/ENiagaraSkelSamplingModeFull.uasset" 458
"../../Plugins/FX/Niagara/Content/Enums/ENiagaraSocketSamplingMode.uasset" 459
"../../Plugins/FX/Niagara/Content/Enums/ENiagaraSUbUVAnimationMode.uasset" 460
"../../Plugins/FX/Niagara/Content/Enums/ENiagaraSystemInactiveMode.uasset" 461
"../../Plugins/FX/Niagara/Content/Enums/ENiagaraTorusDistributionMode.uasset" 462
"../../Plugins/FX/Niagara/Content/Enums/ENiagaraTorusMode.uasset" 463
"../../Plugins/FX/Niagara/Content/Enums/ENiagaraTriangleSamplingMode.uasset" 464
"../../Plugins/FX/Niagara/Content/Enums/ENiagaraVector2_Channels.uasset" 465
"../../Plugins/FX/Niagara/Content/Enums/ENiagaraVector3_Channels.uasset" 466
"../../Plugins/FX/Niagara/Content/Enums/ENiagaraVector4_Channels.uasset" 467
"../../Plugins/FX/Niagara/Content/Enums/ENiagaraVertexFilteringMode.uasset" 468
"../../Plugins/FX/Niagara/Content/Enums/ENiagaraVertexSamplingMode.uasset" 469
"../../Plugins/FX/Niagara/Content/Enums/ENiagara_CameraMeshOrientation.uasset" 470
"../../Plugins/FX/Niagara/Content/Enums/ENiagara_CameraProperties.uasset" 471
"../../Plugins/FX/Niagara/Content/Enums/ENiagara_CollisionType.uasset" 472
"../../Plugins/FX/Niagara/Content/Enums/ENiagara_CPUCollisionType.uasset" 473
"../../Plugins/FX/Niagara/Content/Enums/ENiagara_EmitterStateOptions.uasset" 474
"../../Plugins/FX/Niagara/Content/Enums/ENiagara_Float4Channel.uasset" 475
"../../Plugins/FX/Niagara/Content/Enums/ENiagara_GPUCollisionType.uasset" 476
"../../Plugins/FX/Niagara/Content/Enums/ENiagara_InfiniteLoopDuration.uasset" 477
"../../Plugins/FX/Niagara/Content/Icons/S_ParticleSystem.uasset" 478
"../../Plugins/Runtime/HoudiniEngine/Content/houdini_bgeo_import.uasset" 479
"../../Plugins/Runtime/HoudiniEngine/Content/houdini_default_material.uasset" 480
"../../Plugins/Runtime/HoudiniEngine/Content/houdini_logo.uasset" 481
"../../../Engine/Content/Functions/Engine_MaterialFunctions02/Utility/BreakOutFloat4Components.uasset" 482
"../../Plugins/Runtime/Oculus/OculusVR/Content/Materials/OculusMR_ChromaKey.uasset" 483
"../../Plugins/Runtime/Oculus/OculusVR/Content/Materials/OculusMR_ChromaKey_Lit.uasset" 484
"../../Plugins/Runtime/Oculus/OculusVR/Content/Materials/OculusMR_OpaqueColoredMaterial.uasset" 485
"../../Plugins/Runtime/Oculus/OculusVR/Content/Materials/OculusMR_WhiteMaterial.uasset" 486
"../../../../../../Users/hwh19/Documents/Unreal Projects/Escape/Content/HoudiniEngine/Tools/Default/he_boolean.uasset" 487
"../../../../../../Users/hwh19/Documents/Unreal Projects/Escape/Content/HoudiniEngine/Tools/Default/he_calculate_occlusion.uasset" 488
"../../../../../../Users/hwh19/Documents/Unreal Projects/Escape/Content/HoudiniEngine/Tools/Default/he_curve_instancer.uasset" 489
"../../../../../../Users/hwh19/Documents/Unreal Projects/Escape/Content/HoudiniEngine/Tools/Default/he_delete_small_parts.uasset" 490
"../../../../../../Users/hwh19/Documents/Unreal Projects/Escape/Content/HoudiniEngine/Tools/Default/he_polyreduce.uasset" 491
"../../../../../../Users/hwh19/Documents/Unreal Projects/Escape/Content/HoudiniEngine/Tools/Default/he_set_pivot.uasset" 492
"../../../../../../Users/hwh19/Documents/Unreal Projects/Escape/Content/HoudiniEngine/Tools/Default/he_surface_instancer.uasset" 493
"../../../../../../Users/hwh19/Documents/Unreal Projects/Escape/Content/DefaultPawn_BP.uasset" 494
"../../../../../../Users/hwh19/Documents/Unreal Projects/Escape/Content/EscapeGameModeBase_BP.uasset" 495
"../../../Engine/Content/Maps/Entry_BuiltData.uasset" 496
"../../../Engine/Content/Maps/Entry.umap" 497
"../../../Engine/Content/EngineSky/C_Sky_Cloud_Color.uasset" 498
"../../../Engine/Content/EngineSky/C_Sky_Horizon_Color.uasset" 499
"../../../Engine/Content/EngineSky/C_Sky_Zenith_Color.uasset" 500
"../../../Engine/Content/EngineSky/T_Sky_Blue.uasset" 501
"../../../Engine/Content/EngineSky/T_Sky_Clouds_M.uasset" 502
"../../../Engine/Content/EngineSky/T_Sky_Stars.uasset" 503
"../../../Engine/Content/EngineSky/M_Sky_Panning_Clouds2.uasset" 504
"../../../Engine/Content/EngineSky/SM_SkySphere.uasset" 505
"../../../Engine/Content/EngineSky/BP_Sky_Sphere.uasset" 506
"../../../../../../Users/hwh19/Documents/Unreal Projects/Escape/Content/NewMap_BuiltData.uasset" 507
"../../../../../../Users/hwh19/Documents/Unreal Projects/Escape/Content/StarterContent/Textures/T_Ceramic_Tile_M.uasset" 508
"../../../../../../Users/hwh19/Documents/Unreal Projects/Escape/Content/StarterContent/Textures/T_Ceramic_Tile_N.uasset" 509
"../../../../../../Users/hwh19/Documents/Unreal Projects/Escape/Content/StarterContent/Textures/T_Rock_Marble_Polished_D.uasset" 510
"../../../../../../Users/hwh19/Documents/Unreal Projects/Escape/Content/StarterContent/Materials/M_Ceramic_Tile_Checker.uasset" 511
"../../../../../../Users/hwh19/Documents/Unreal Projects/Escape/Content/StarterContent/Textures/T_Concrete_Tiles_D.uasset" 512
"../../../../../../Users/hwh19/Documents/Unreal Projects/Escape/Content/StarterContent/Textures/T_Concrete_Tiles_M.uasset" 513
"../../../../../../Users/hwh19/Documents/Unreal Projects/Escape/Content/StarterContent/Textures/T_Concrete_Tiles_N.uasset" 514
"../../../../../../Users/hwh19/Documents/Unreal Projects/Escape/Content/StarterContent/Textures/T_Concrete_Tiles_Variation_M.uasset" 515
"../../../../../../Users/hwh19/Documents/Unreal Projects/Escape/Content/StarterContent/Materials/M_Concrete_Tiles.uasset" 516
"../../../Engine/Content/MapTemplates/SM_Template_Map_Floor.uasset" 517
"../../../../../../Users/hwh19/Documents/Unreal Projects/Escape/Content/StarterContent/Materials/M_Basic_Wall.uasset" 518
"../../../../../../Users/hwh19/Documents/Unreal Projects/Escape/Content/StarterContent/Architecture/Wall_400x300.uasset" 519
"../../../../../../Users/hwh19/Documents/Unreal Projects/Escape/Content/StarterContent/Architecture/Wall_Door_400x300.uasset" 520
"../../../../../../Users/hwh19/Documents/Unreal Projects/Escape/Content/StarterContent/Textures/T_Chair_M.uasset" 521
"../../../../../../Users/hwh19/Documents/Unreal Projects/Escape/Content/StarterContent/Textures/T_Chair_N.uasset" 522
"../../../../../../Users/hwh19/Documents/Unreal Projects/Escape/Content/StarterContent/Props/Materials/M_Chair.uasset" 523
"../../../../../../Users/hwh19/Documents/Unreal Projects/Escape/Content/StarterContent/Props/SM_Chair.uasset" 524
"../../../../../../Users/hwh19/Documents/Unreal Projects/Escape/Content/StarterContent/Materials/M_Glass.uasset" 525
"../../../../../../Users/hwh19/Documents/Unreal Projects/Escape/Content/StarterContent/Textures/T_Door_M.uasset" 526
"../../../../../../Users/hwh19/Documents/Unreal Projects/Escape/Content/StarterContent/Textures/T_Door_N.uasset" 527
"../../../../../../Users/hwh19/Documents/Unreal Projects/Escape/Content/StarterContent/Props/Materials/M_Door.uasset" 528
"../../../../../../Users/hwh19/Documents/Unreal Projects/Escape/Content/StarterContent/Props/SM_Door.uasset" 529
"../../../../../../Users/hwh19/Documents/Unreal Projects/Escape/Content/StarterContent/Textures/T_Frame_M.uasset" 530
"../../../../../../Users/hwh19/Documents/Unreal Projects/Escape/Content/StarterContent/Textures/T_Frame_N.uasset" 531
"../../../../../../Users/hwh19/Documents/Unreal Projects/Escape/Content/StarterContent/Props/Materials/M_Frame.uasset" 532
"../../../../../../Users/hwh19/Documents/Unreal Projects/Escape/Content/StarterContent/Props/SM_DoorFrame.uasset" 533
"../../../../../../Users/hwh19/Documents/Unreal Projects/Escape/Content/NewMap.umap" 534
